<?xml version="1.0" encoding="UTF-8"?>
<!-- Generated by org.testng.reporters.JUnitReportReporter -->
<testsuite hostname="LAPTOP-431553IG" failures="0" tests="3" name="comm.automation.revision.jenkinsupload" time="14.490" errors="0" timestamp="2024-04-13T12:04:51 IST" skipped="0">
  <testcase classname="comm.automation.revision.jenkinsupload" name="testcase2" time="3.315"/>
  <system-out/>
  <testcase classname="comm.automation.revision.jenkinsupload" name="testcase1" time="7.466"/>
  <system-out/>
  <testcase classname="comm.automation.revision.jenkinsupload" name="testcase3" time="3.709"/>
  <system-out/>
</testsuite> <!-- comm.automation.revision.jenkinsupload -->
