<?xml version="1.0" encoding="UTF-8"?>
<!-- Generated by org.testng.reporters.JUnitReportReporter -->
<testsuite hostname="LAPTOP-431553IG" failures="0" tests="3" name="comm.automation.revision.jenkinsupload" time="11.904" errors="0" timestamp="2024-04-13T12:06:41 IST" skipped="0">
  <testcase classname="comm.automation.revision.jenkinsupload" name="testcase1" time="5.156"/>
  <system-out/>
  <testcase classname="comm.automation.revision.jenkinsupload" name="testcase2" time="2.972"/>
  <system-out/>
  <testcase classname="comm.automation.revision.jenkinsupload" name="testcase3" time="3.776"/>
  <system-out/>
</testsuite> <!-- comm.automation.revision.jenkinsupload -->
